<?xml version="1.0" encoding="UTF-8"?>
<testsuite name="Realizar busqueda de cursos en la pagina de Choucair" tests="1" skipped="0" failures="0" errors="0" timestamp="2020-11-27T17:29:15" hostname="MacBook-Pro-de-Andres.local" time="23.463">
  <properties/>
  <testcase name="Busqueda de curso exitosa" classname="Realizar busqueda de cursos en la pagina de Choucair" time="23.463"/>
  <system-out><![CDATA[]]></system-out>
  <system-err><![CDATA[[Test worker] WARN net.thucydides.core.steps.BaseStepListener - stepStarted: net.thucydides.core.steps.ExecutedStepDescription@414e260
[Test worker] INFO net.thucydides.core.steps.ConsoleLoggingListener - STARTING STEP Dado que Andres quiere hacer un curso en la pagina Academia Choucair
| strUser | strPassword |
| 1143348819 | Choucair2020* |
[Test worker] WARN net.thucydides.core.steps.BaseStepListener - stepStarted: net.thucydides.core.steps.ExecutedStepDescription@51a025e
[Test worker] INFO net.thucydides.core.steps.ConsoleLoggingListener - STARTING STEP Andres open up
[Test worker] WARN net.thucydides.core.steps.BaseStepListener - stepStarted: net.thucydides.core.steps.ExecutedStepDescription@6bc991eb
[Test worker] INFO net.thucydides.core.steps.ConsoleLoggingListener - STARTING STEP Andres opens the Favorite page
nov. 27, 2020 12:29:17 P.M. org.openqa.selenium.remote.DesiredCapabilities chrome
INFO: Using `new ChromeOptions()` is preferred to `DesiredCapabilities.chrome()`
[Test worker] INFO net.serenitybdd.core.webdriver.driverproviders.ProvideNewDriver - Instantiating driver
[Test worker] INFO net.serenitybdd.core.webdriver.driverproviders.ProvideNewDriver - Driver capabilities: Capabilities {acceptInsecureCerts: false, browserName: chrome, chrome.switches: --disk-cache-dir=null, --di..., goog:chromeOptions: {args: [--disk-cache-dir=null, --disable-popup-blocking, --incognito, --disable-download-notifica..., --start-maximized, --test-type, --ignore-certificate-errors, --allow-running-insecure-co..., --disable-traslate, --always-authorize-plugins, --disable-extensions], extensions: []}, loggingPrefs: org.openqa.selenium.logging..., platform: ANY, version: }
Starting ChromeDriver 86.0.4240.22 (398b0743353ff36fb1b82468f63a3a93b4e2e89e-refs/branch-heads/4240@{#378}) on port 36344
Only local connections are allowed.
Please see https://chromedriver.chromium.org/security-considerations for suggestions on keeping ChromeDriver safe.
ChromeDriver was started successfully.
nov. 27, 2020 12:29:21 P.M. org.openqa.selenium.remote.ProtocolHandshake createSession
INFO: Detected dialect: W3C
[Test worker] WARN net.thucydides.core.steps.BaseStepListener - stepFinished: current outcome:Busqueda de curso exitosa:Dado que Andres quiere hacer un curso en la pagina Academia Choucair
| strUser | strPassword |
| 1143348819 | Choucair2020* | [Andres open up [Andres opens the Favorite page]]
[Test worker] INFO net.thucydides.core.steps.ConsoleLoggingListener - FINISHING STEP
[Test worker] WARN net.thucydides.core.steps.BaseStepListener - stepFinished: current outcome:Busqueda de curso exitosa:Dado que Andres quiere hacer un curso en la pagina Academia Choucair
| strUser | strPassword |
| 1143348819 | Choucair2020* | [Andres open up [Andres opens the Favorite page]]
[Test worker] INFO net.thucydides.core.steps.ConsoleLoggingListener - FINISHING STEP
[Test worker] WARN net.thucydides.core.steps.BaseStepListener - stepStarted: net.thucydides.core.steps.ExecutedStepDescription@1da95bab
[Test worker] INFO net.thucydides.core.steps.ConsoleLoggingListener - STARTING STEP Andres login
[Test worker] WARN net.thucydides.core.steps.BaseStepListener - stepStarted: net.thucydides.core.steps.ExecutedStepDescription@50a2f9f5
[Test worker] INFO net.thucydides.core.steps.ConsoleLoggingListener - STARTING STEP Andres clicks on Boton Sig In
[Test worker] WARN net.thucydides.core.steps.BaseStepListener - stepFinished: current outcome:Busqueda de curso exitosa:Dado que Andres quiere hacer un curso en la pagina Academia Choucair
| strUser | strPassword |
| 1143348819 | Choucair2020* | [Andres open up [Andres opens the Favorite page], Andres login [Andres clicks on Boton Sig In]]
[Test worker] INFO net.thucydides.core.steps.ConsoleLoggingListener - FINISHING STEP
[Test worker] WARN net.thucydides.core.steps.BaseStepListener - stepStarted: net.thucydides.core.steps.ExecutedStepDescription@593b5278
[Test worker] INFO net.thucydides.core.steps.ConsoleLoggingListener - STARTING STEP Andres enters '1143348819' into Caja de texto para ingresar el correo
[Test worker] WARN net.thucydides.core.steps.BaseStepListener - stepFinished: current outcome:Busqueda de curso exitosa:Dado que Andres quiere hacer un curso en la pagina Academia Choucair
| strUser | strPassword |
| 1143348819 | Choucair2020* | [Andres open up [Andres opens the Favorite page], Andres login [Andres clicks on Boton Sig In, Andres enters '1143348819' into Caja de texto para ingresar el correo]]
[Test worker] INFO net.thucydides.core.steps.ConsoleLoggingListener - FINISHING STEP
[Test worker] WARN net.thucydides.core.steps.BaseStepListener - stepStarted: net.thucydides.core.steps.ExecutedStepDescription@553d90bf
[Test worker] INFO net.thucydides.core.steps.ConsoleLoggingListener - STARTING STEP Andres enters 'Choucair2020*' into Caja de texto para ingresar password
[Test worker] WARN net.thucydides.core.steps.BaseStepListener - stepFinished: current outcome:Busqueda de curso exitosa:Dado que Andres quiere hacer un curso en la pagina Academia Choucair
| strUser | strPassword |
| 1143348819 | Choucair2020* | [Andres open up [Andres opens the Favorite page], Andres login [Andres clicks on Boton Sig In, Andres enters '1143348819' into Caja de texto para ingresar el correo, Andres enters 'Choucair2020*' into Caja de texto para ingresar password]]
[Test worker] INFO net.thucydides.core.steps.ConsoleLoggingListener - FINISHING STEP
[Test worker] WARN net.thucydides.core.steps.BaseStepListener - stepStarted: net.thucydides.core.steps.ExecutedStepDescription@6074a3be
[Test worker] INFO net.thucydides.core.steps.ConsoleLoggingListener - STARTING STEP Andres clicks on Boton iniciar Sesion
[Test worker] WARN net.thucydides.core.steps.BaseStepListener - stepFinished: current outcome:Busqueda de curso exitosa:Dado que Andres quiere hacer un curso en la pagina Academia Choucair
| strUser | strPassword |
| 1143348819 | Choucair2020* | [Andres open up [Andres opens the Favorite page], Andres login [Andres clicks on Boton Sig In, Andres enters '1143348819' into Caja de texto para ingresar el correo, Andres enters 'Choucair2020*' into Caja de texto para ingresar password, Andres clicks on Boton iniciar Sesion]]
[Test worker] INFO net.thucydides.core.steps.ConsoleLoggingListener - FINISHING STEP
[Test worker] WARN net.thucydides.core.steps.BaseStepListener - stepFinished: current outcome:Busqueda de curso exitosa:Dado que Andres quiere hacer un curso en la pagina Academia Choucair
| strUser | strPassword |
| 1143348819 | Choucair2020* | [Andres open up [Andres opens the Favorite page], Andres login [Andres clicks on Boton Sig In, Andres enters '1143348819' into Caja de texto para ingresar el correo, Andres enters 'Choucair2020*' into Caja de texto para ingresar password, Andres clicks on Boton iniciar Sesion]]
[Test worker] INFO net.thucydides.core.steps.ConsoleLoggingListener - FINISHING STEP
[Test worker] WARN net.thucydides.core.steps.BaseStepListener - stepFinished: current outcome:Busqueda de curso exitosa:Dado que Andres quiere hacer un curso en la pagina Academia Choucair
| strUser | strPassword |
| 1143348819 | Choucair2020* | [Andres open up [Andres opens the Favorite page], Andres login [Andres clicks on Boton Sig In, Andres enters '1143348819' into Caja de texto para ingresar el correo, Andres enters 'Choucair2020*' into Caja de texto para ingresar password, Andres clicks on Boton iniciar Sesion]]
[Test worker] INFO net.thucydides.core.steps.ConsoleLoggingListener - FINISHING STEP
[Test worker] WARN net.thucydides.core.steps.BaseStepListener - stepStarted: net.thucydides.core.steps.ExecutedStepDescription@1a076b14
[Test worker] INFO net.thucydides.core.steps.ConsoleLoggingListener - STARTING STEP Cuando busca cursos Workshop de Automatización
| strCurso |
| Workshop de Automatización |
[Test worker] WARN net.thucydides.core.steps.BaseStepListener - stepStarted: net.thucydides.core.steps.ExecutedStepDescription@23ae5491
[Test worker] INFO net.thucydides.core.steps.ConsoleLoggingListener - STARTING STEP Andres search
[Test worker] WARN net.thucydides.core.steps.BaseStepListener - stepStarted: net.thucydides.core.steps.ExecutedStepDescription@3ce96f23
[Test worker] INFO net.thucydides.core.steps.ConsoleLoggingListener - STARTING STEP Andres clicks on Clic en Cursos y certificaciones
[Test worker] WARN net.thucydides.core.steps.BaseStepListener - stepFinished: current outcome:Busqueda de curso exitosa:Dado que Andres quiere hacer un curso en la pagina Academia Choucair
| strUser | strPassword |
| 1143348819 | Choucair2020* | [Andres open up [Andres opens the Favorite page], Andres login [Andres clicks on Boton Sig In, Andres enters '1143348819' into Caja de texto para ingresar el correo, Andres enters 'Choucair2020*' into Caja de texto para ingresar password, Andres clicks on Boton iniciar Sesion]], Cuando busca cursos Workshop de Automatización
| strCurso |
| Workshop de Automatización | [Andres search [Andres clicks on Clic en Cursos y certificaciones]]
[Test worker] INFO net.thucydides.core.steps.ConsoleLoggingListener - FINISHING STEP
[Test worker] WARN net.thucydides.core.steps.BaseStepListener - stepStarted: net.thucydides.core.steps.ExecutedStepDescription@28628918
[Test worker] INFO net.thucydides.core.steps.ConsoleLoggingListener - STARTING STEP Andres enters 'Workshop de Automatización' into Cuadro de Busqueda
[Test worker] WARN net.thucydides.core.steps.BaseStepListener - stepFinished: current outcome:Busqueda de curso exitosa:Dado que Andres quiere hacer un curso en la pagina Academia Choucair
| strUser | strPassword |
| 1143348819 | Choucair2020* | [Andres open up [Andres opens the Favorite page], Andres login [Andres clicks on Boton Sig In, Andres enters '1143348819' into Caja de texto para ingresar el correo, Andres enters 'Choucair2020*' into Caja de texto para ingresar password, Andres clicks on Boton iniciar Sesion]], Cuando busca cursos Workshop de Automatización
| strCurso |
| Workshop de Automatización | [Andres search [Andres clicks on Clic en Cursos y certificaciones, Andres enters 'Workshop de Automatización' into Cuadro de Busqueda]]
[Test worker] INFO net.thucydides.core.steps.ConsoleLoggingListener - FINISHING STEP
[Test worker] WARN net.thucydides.core.steps.BaseStepListener - stepStarted: net.thucydides.core.steps.ExecutedStepDescription@1889ae12
[Test worker] INFO net.thucydides.core.steps.ConsoleLoggingListener - STARTING STEP Andres clicks on Boton Buscar
[Test worker] WARN net.thucydides.core.steps.BaseStepListener - stepFinished: current outcome:Busqueda de curso exitosa:Dado que Andres quiere hacer un curso en la pagina Academia Choucair
| strUser | strPassword |
| 1143348819 | Choucair2020* | [Andres open up [Andres opens the Favorite page], Andres login [Andres clicks on Boton Sig In, Andres enters '1143348819' into Caja de texto para ingresar el correo, Andres enters 'Choucair2020*' into Caja de texto para ingresar password, Andres clicks on Boton iniciar Sesion]], Cuando busca cursos Workshop de Automatización
| strCurso |
| Workshop de Automatización | [Andres search [Andres clicks on Clic en Cursos y certificaciones, Andres enters 'Workshop de Automatización' into Cuadro de Busqueda, Andres clicks on Boton Buscar]]
[Test worker] INFO net.thucydides.core.steps.ConsoleLoggingListener - FINISHING STEP
[Test worker] WARN net.thucydides.core.steps.BaseStepListener - stepStarted: net.thucydides.core.steps.ExecutedStepDescription@4f90507
[Test worker] INFO net.thucydides.core.steps.ConsoleLoggingListener - STARTING STEP Andres clicks on Clic en best seller de la pagina
[Test worker] WARN net.thucydides.core.steps.BaseStepListener - stepFinished: current outcome:Busqueda de curso exitosa:Dado que Andres quiere hacer un curso en la pagina Academia Choucair
| strUser | strPassword |
| 1143348819 | Choucair2020* | [Andres open up [Andres opens the Favorite page], Andres login [Andres clicks on Boton Sig In, Andres enters '1143348819' into Caja de texto para ingresar el correo, Andres enters 'Choucair2020*' into Caja de texto para ingresar password, Andres clicks on Boton iniciar Sesion]], Cuando busca cursos Workshop de Automatización
| strCurso |
| Workshop de Automatización | [Andres search [Andres clicks on Clic en Cursos y certificaciones, Andres enters 'Workshop de Automatización' into Cuadro de Busqueda, Andres clicks on Boton Buscar, Andres clicks on Clic en best seller de la pagina]]
[Test worker] INFO net.thucydides.core.steps.ConsoleLoggingListener - FINISHING STEP
[Test worker] WARN net.thucydides.core.steps.BaseStepListener - stepFinished: current outcome:Busqueda de curso exitosa:Dado que Andres quiere hacer un curso en la pagina Academia Choucair
| strUser | strPassword |
| 1143348819 | Choucair2020* | [Andres open up [Andres opens the Favorite page], Andres login [Andres clicks on Boton Sig In, Andres enters '1143348819' into Caja de texto para ingresar el correo, Andres enters 'Choucair2020*' into Caja de texto para ingresar password, Andres clicks on Boton iniciar Sesion]], Cuando busca cursos Workshop de Automatización
| strCurso |
| Workshop de Automatización | [Andres search [Andres clicks on Clic en Cursos y certificaciones, Andres enters 'Workshop de Automatización' into Cuadro de Busqueda, Andres clicks on Boton Buscar, Andres clicks on Clic en best seller de la pagina]]
[Test worker] INFO net.thucydides.core.steps.ConsoleLoggingListener - FINISHING STEP
[Test worker] WARN net.thucydides.core.steps.BaseStepListener - stepFinished: current outcome:Busqueda de curso exitosa:Dado que Andres quiere hacer un curso en la pagina Academia Choucair
| strUser | strPassword |
| 1143348819 | Choucair2020* | [Andres open up [Andres opens the Favorite page], Andres login [Andres clicks on Boton Sig In, Andres enters '1143348819' into Caja de texto para ingresar el correo, Andres enters 'Choucair2020*' into Caja de texto para ingresar password, Andres clicks on Boton iniciar Sesion]], Cuando busca cursos Workshop de Automatización
| strCurso |
| Workshop de Automatización | [Andres search [Andres clicks on Clic en Cursos y certificaciones, Andres enters 'Workshop de Automatización' into Cuadro de Busqueda, Andres clicks on Boton Buscar, Andres clicks on Clic en best seller de la pagina]]
[Test worker] INFO net.thucydides.core.steps.ConsoleLoggingListener - FINISHING STEP
[Test worker] WARN net.thucydides.core.steps.BaseStepListener - stepStarted: net.thucydides.core.steps.ExecutedStepDescription@65a19496
[Test worker] INFO net.thucydides.core.steps.ConsoleLoggingListener - STARTING STEP Entonces se debe visualizar en el titulo
| strtitulo |
| Workshop de Automatización |
[Test worker] WARN net.thucydides.core.steps.BaseStepListener - stepStarted: net.thucydides.core.steps.ExecutedStepDescription@7972bbf7
[Test worker] INFO net.thucydides.core.steps.ConsoleLoggingListener - STARTING STEP Then answer
[Test worker] WARN net.thucydides.core.steps.BaseStepListener - stepFinished: current outcome:Busqueda de curso exitosa:Dado que Andres quiere hacer un curso en la pagina Academia Choucair
| strUser | strPassword |
| 1143348819 | Choucair2020* | [Andres open up [Andres opens the Favorite page], Andres login [Andres clicks on Boton Sig In, Andres enters '1143348819' into Caja de texto para ingresar el correo, Andres enters 'Choucair2020*' into Caja de texto para ingresar password, Andres clicks on Boton iniciar Sesion]], Cuando busca cursos Workshop de Automatización
| strCurso |
| Workshop de Automatización | [Andres search [Andres clicks on Clic en Cursos y certificaciones, Andres enters 'Workshop de Automatización' into Cuadro de Busqueda, Andres clicks on Boton Buscar, Andres clicks on Clic en best seller de la pagina]], Entonces se debe visualizar en el titulo
| strtitulo |
| Workshop de Automatización | [Then answer]
[Test worker] INFO net.thucydides.core.steps.ConsoleLoggingListener - FINISHING STEP
[Test worker] WARN net.thucydides.core.steps.BaseStepListener - stepFinished: current outcome:Busqueda de curso exitosa:Dado que Andres quiere hacer un curso en la pagina Academia Choucair
| strUser | strPassword |
| 1143348819 | Choucair2020* | [Andres open up [Andres opens the Favorite page], Andres login [Andres clicks on Boton Sig In, Andres enters '1143348819' into Caja de texto para ingresar el correo, Andres enters 'Choucair2020*' into Caja de texto para ingresar password, Andres clicks on Boton iniciar Sesion]], Cuando busca cursos Workshop de Automatización
| strCurso |
| Workshop de Automatización | [Andres search [Andres clicks on Clic en Cursos y certificaciones, Andres enters 'Workshop de Automatización' into Cuadro de Busqueda, Andres clicks on Boton Buscar, Andres clicks on Clic en best seller de la pagina]], Entonces se debe visualizar en el titulo
| strtitulo |
| Workshop de Automatización | [Then answer]
[Test worker] INFO net.thucydides.core.steps.ConsoleLoggingListener - FINISHING STEP
[Test worker] WARN net.thucydides.core.steps.BaseStepListener - testFinished: Busqueda de curso exitosa:Dado que Andres quiere hacer un curso en la pagina Academia Choucair
| strUser | strPassword |
| 1143348819 | Choucair2020* | [Andres open up [Andres opens the Favorite page], Andres login [Andres clicks on Boton Sig In, Andres enters '1143348819' into Caja de texto para ingresar el correo, Andres enters 'Choucair2020*' into Caja de texto para ingresar password, Andres clicks on Boton iniciar Sesion]], Cuando busca cursos Workshop de Automatización
| strCurso |
| Workshop de Automatización | [Andres search [Andres clicks on Clic en Cursos y certificaciones, Andres enters 'Workshop de Automatización' into Cuadro de Busqueda, Andres clicks on Boton Buscar, Andres clicks on Clic en best seller de la pagina]], Entonces se debe visualizar en el titulo
| strtitulo |
| Workshop de Automatización | [Then answer]
[Test worker] WARN net.thucydides.core.steps.BaseStepListener - TestOutcomes: [Busqueda de curso exitosa:Dado que Andres quiere hacer un curso en la pagina Academia Choucair
| strUser | strPassword |
| 1143348819 | Choucair2020* | [Andres open up [Andres opens the Favorite page], Andres login [Andres clicks on Boton Sig In, Andres enters '1143348819' into Caja de texto para ingresar el correo, Andres enters 'Choucair2020*' into Caja de texto para ingresar password, Andres clicks on Boton iniciar Sesion]], Cuando busca cursos Workshop de Automatización
| strCurso |
| Workshop de Automatización | [Andres search [Andres clicks on Clic en Cursos y certificaciones, Andres enters 'Workshop de Automatización' into Cuadro de Busqueda, Andres clicks on Boton Buscar, Andres clicks on Clic en best seller de la pagina]], Entonces se debe visualizar en el titulo
| strtitulo |
| Workshop de Automatización | [Then answer]]
[Test worker] WARN net.thucydides.core.steps.BaseStepListener - Final testOutcomes: [Busqueda de curso exitosa:Dado que Andres quiere hacer un curso en la pagina Academia Choucair
| strUser | strPassword |
| 1143348819 | Choucair2020* | [Andres open up [Andres opens the Favorite page], Andres login [Andres clicks on Boton Sig In, Andres enters '1143348819' into Caja de texto para ingresar el correo, Andres enters 'Choucair2020*' into Caja de texto para ingresar password, Andres clicks on Boton iniciar Sesion]], Cuando busca cursos Workshop de Automatización
| strCurso |
| Workshop de Automatización | [Andres search [Andres clicks on Clic en Cursos y certificaciones, Andres enters 'Workshop de Automatización' into Cuadro de Busqueda, Andres clicks on Boton Buscar, Andres clicks on Clic en best seller de la pagina]], Entonces se debe visualizar en el titulo
| strtitulo |
| Workshop de Automatización | [Then answer]]
[Test worker] INFO net.thucydides.core.steps.ConsoleLoggingListener - 
        __    _____ _____ ____ _____   ____   _    ____  ____  _____ ____  
  _     \ \  |_   _| ____/ ___|_   _| |  _ \ / \  / ___|/ ___|| ____|  _ \ 
 (_)_____| |   | | |  _| \___ \ | |   | |_) / _ \ \___ \\___ \|  _| | | | |
  _|_____| |   | | | |___ ___) || |   |  __/ ___ \ ___) |___) | |___| |_| |
 (_)     | |   |_| |_____|____/ |_|   |_| /_/   \_\____/|____/|_____|____/ 
        /_/                                                                

TEST PASSED: Busqueda de curso exitosa
----------------------------------------------------------------------------
]]></system-err>
</testsuite>
